2022-07-23 15:32:59.483  INFO 12032 --- [main] m.order_service.OrderServiceApplication  : No active profile set, falling back to default profiles: default
2022-07-23 15:33:00.075  INFO 12032 --- [main] o.s.cloud.context.scope.GenericScope     : BeanFactory id=af8cc406-f9df-36be-a250-b74dc2aea9eb
2022-07-23 15:33:00.282  INFO 12032 --- [main] trationDelegate$BeanPostProcessorChecker : Bean 'spring.cloud.sentinel-com.alibaba.cloud.sentinel.SentinelProperties' of type [com.alibaba.cloud.sentinel.SentinelProperties] is not eligible for getting processed by all BeanPostProcessors (for example: not eligible for auto-proxying)
2022-07-23 15:33:00.284  INFO 12032 --- [main] trationDelegate$BeanPostProcessorChecker : Bean 'com.alibaba.cloud.sentinel.custom.SentinelAutoConfiguration' of type [com.alibaba.cloud.sentinel.custom.SentinelAutoConfiguration] is not eligible for getting processed by all BeanPostProcessors (for example: not eligible for auto-proxying)
2022-07-23 15:33:00.518  INFO 12032 --- [main] o.s.b.w.embedded.tomcat.TomcatWebServer  : Tomcat initialized with port(s): 8081 (http)
2022-07-23 15:33:00.528  INFO 12032 --- [main] o.apache.catalina.core.StandardService   : Starting service [Tomcat]
2022-07-23 15:33:00.529  INFO 12032 --- [main] org.apache.catalina.core.StandardEngine  : Starting Servlet engine: [Apache Tomcat/9.0.43]
2022-07-23 15:33:00.657  INFO 12032 --- [main] o.a.c.c.C.[Tomcat].[localhost].[/]       : Initializing Spring embedded WebApplicationContext
2022-07-23 15:33:00.657  INFO 12032 --- [main] w.s.c.ServletWebServerApplicationContext : Root WebApplicationContext: initialization completed in 1151 ms
2022-07-23 15:33:00.772  INFO 12032 --- [main] c.a.d.s.b.a.DruidDataSourceAutoConfigure : Init DruidDataSource
2022-07-23 15:33:00.899  INFO 12032 --- [main] com.alibaba.druid.pool.DruidDataSource   : {dataSource-1} inited
2022-07-23 15:33:01.520  WARN 12032 --- [main] c.n.c.sources.URLConfigurationSource     : No URLs will be polled as dynamic configuration sources.
2022-07-23 15:33:01.520  INFO 12032 --- [main] c.n.c.sources.URLConfigurationSource     : To enable URLs as dynamic configuration sources, define System property archaius.configurationSource.additionalUrls or make config.properties available on classpath.
2022-07-23 15:33:01.524  WARN 12032 --- [main] c.n.c.sources.URLConfigurationSource     : No URLs will be polled as dynamic configuration sources.
2022-07-23 15:33:01.524  INFO 12032 --- [main] c.n.c.sources.URLConfigurationSource     : To enable URLs as dynamic configuration sources, define System property archaius.configurationSource.additionalUrls or make config.properties available on classpath.
2022-07-23 15:33:01.634  INFO 12032 --- [main] o.s.s.concurrent.ThreadPoolTaskExecutor  : Initializing ExecutorService 'applicationTaskExecutor'
2022-07-23 15:33:01.671  INFO 12032 --- [main] c.a.c.s.SentinelWebAutoConfiguration     : [Sentinel Starter] register SentinelWebInterceptor with urlPatterns: [/**].
2022-07-23 15:33:01.733  INFO 12032 --- [main] o.s.s.c.ThreadPoolTaskScheduler          : Initializing ExecutorService 'Nacos-Watch-Task-Scheduler'
2022-07-23 15:33:02.081  WARN 12032 --- [main] c.a.c.s.d.converter.SentinelConverter    : converter can not convert rules because source is empty
2022-07-23 15:33:02.242  INFO 12032 --- [main] o.s.b.w.embedded.tomcat.TomcatWebServer  : Tomcat started on port(s): 8081 (http) with context path ''
2022-07-23 15:33:02.250  INFO 12032 --- [main] c.a.c.n.registry.NacosServiceRegistry    : nacos registry, DEFAULT_GROUP orderservice 192.168.202.1:8081 register finished
2022-07-23 15:33:02.360  INFO 12032 --- [main] m.order_service.OrderServiceApplication  : Started OrderServiceApplication in 3.708 seconds (JVM running for 4.274)
2022-07-23 15:33:02.455  INFO 12032 --- [main] c.netflix.loadbalancer.BaseLoadBalancer  : Client: userservice instantiated a LoadBalancer: DynamicServerListLoadBalancer:{NFLoadBalancer:name=userservice,current list of Servers=[],Load balancer stats=Zone stats: {},Server stats: []}ServerList:null
2022-07-23 15:33:02.467  INFO 12032 --- [main] c.n.l.DynamicServerListLoadBalancer      : Using serverListUpdater PollingServerListUpdater
2022-07-23 15:33:02.473  INFO 12032 --- [main] c.n.l.DynamicServerListLoadBalancer      : DynamicServerListLoadBalancer for client userservice initialized: DynamicServerListLoadBalancer:{NFLoadBalancer:name=userservice,current list of Servers=[],Load balancer stats=Zone stats: {},Server stats: []}ServerList:com.alibaba.cloud.nacos.ribbon.NacosServerList@6f65a203
2022-07-23 15:34:11.332  INFO 12032 --- [http-nio-8081-exec-5] o.a.c.c.C.[Tomcat].[localhost].[/]       : Initializing Spring DispatcherServlet 'dispatcherServlet'
2022-07-23 15:34:11.332  INFO 12032 --- [http-nio-8081-exec-5] o.s.web.servlet.DispatcherServlet        : Initializing Servlet 'dispatcherServlet'
2022-07-23 15:34:11.337  INFO 12032 --- [http-nio-8081-exec-5] o.s.web.servlet.DispatcherServlet        : Completed initialization in 5 ms
2022-07-23 15:34:11.646 DEBUG 12032 --- [http-nio-8081-exec-5] m.o.mapper.OrderMapper.findById          : ==>  Preparing: select * from tb_order where id = ?
2022-07-23 15:34:11.663 DEBUG 12032 --- [http-nio-8081-exec-5] m.o.mapper.OrderMapper.findById          : ==> Parameters: 101(Long)
2022-07-23 15:34:11.706 DEBUG 12032 --- [http-nio-8081-exec-5] m.o.mapper.OrderMapper.findById          : <==      Total: 1
2022-07-23 15:34:11.710 DEBUG 12032 --- [http-nio-8081-exec-5] mao.feign.feign.UserClient               : [UserClient#queryById] ---> GET http://userservice/user/1 HTTP/1.1
2022-07-23 15:34:12.133 DEBUG 12032 --- [http-nio-8081-exec-5] mao.feign.feign.UserClient               : [UserClient#queryById] <--- HTTP/1.1 200  (420ms)
2022-07-23 15:35:16.544  WARN 12032 --- [http-nio-8081-exec-3] c.a.druid.pool.DruidAbstractDataSource   : discard long time none received connection. , jdbcUrl : jdbc:mysql://localhost:3306/cloud_order, version : 1.2.8, lastPacketReceivedIdleMillis : 64845
2022-07-23 15:35:16.564 DEBUG 12032 --- [http-nio-8081-exec-3] m.o.mapper.OrderMapper.findById          : ==>  Preparing: select * from tb_order where id = ?
2022-07-23 15:35:16.565 DEBUG 12032 --- [http-nio-8081-exec-3] m.o.mapper.OrderMapper.findById          : ==> Parameters: 101(Long)
2022-07-23 15:35:16.566 DEBUG 12032 --- [http-nio-8081-exec-3] m.o.mapper.OrderMapper.findById          : <==      Total: 1
2022-07-23 15:35:16.567 DEBUG 12032 --- [http-nio-8081-exec-3] mao.feign.feign.UserClient               : [UserClient#queryById] ---> GET http://userservice/user/1 HTTP/1.1
2022-07-23 15:35:16.602 DEBUG 12032 --- [http-nio-8081-exec-3] mao.feign.feign.UserClient               : [UserClient#queryById] <--- HTTP/1.1 200  (34ms)
2022-07-23 15:45:44.964  WARN 12032 --- [http-nio-8081-exec-9] c.a.druid.pool.DruidAbstractDataSource   : discard long time none received connection. , jdbcUrl : jdbc:mysql://localhost:3306/cloud_order, version : 1.2.8, lastPacketReceivedIdleMillis : 628397
2022-07-23 15:45:44.983 DEBUG 12032 --- [http-nio-8081-exec-9] m.o.mapper.OrderMapper.findById          : ==>  Preparing: select * from tb_order where id = ?
2022-07-23 15:45:44.983 DEBUG 12032 --- [http-nio-8081-exec-9] m.o.mapper.OrderMapper.findById          : ==> Parameters: 101(Long)
2022-07-23 15:45:44.984 DEBUG 12032 --- [http-nio-8081-exec-9] m.o.mapper.OrderMapper.findById          : <==      Total: 1
2022-07-23 15:45:44.985 DEBUG 12032 --- [http-nio-8081-exec-9] mao.feign.feign.UserClient               : [UserClient#queryById] ---> GET http://userservice/user/1 HTTP/1.1
2022-07-23 15:45:45.011 DEBUG 12032 --- [http-nio-8081-exec-9] mao.feign.feign.UserClient               : [UserClient#queryById] <--- HTTP/1.1 200  (26ms)
2022-07-23 15:45:45.210 DEBUG 12032 --- [http-nio-8081-exec-10] m.o.mapper.OrderMapper.findById          : ==>  Preparing: select * from tb_order where id = ?
2022-07-23 15:45:45.210 DEBUG 12032 --- [http-nio-8081-exec-10] m.o.mapper.OrderMapper.findById          : ==> Parameters: 101(Long)
2022-07-23 15:45:45.211 DEBUG 12032 --- [http-nio-8081-exec-10] m.o.mapper.OrderMapper.findById          : <==      Total: 1
2022-07-23 15:45:45.212 DEBUG 12032 --- [http-nio-8081-exec-10] mao.feign.feign.UserClient               : [UserClient#queryById] ---> GET http://userservice/user/1 HTTP/1.1
2022-07-23 15:45:45.216 DEBUG 12032 --- [http-nio-8081-exec-10] mao.feign.feign.UserClient               : [UserClient#queryById] <--- HTTP/1.1 200  (3ms)
2022-07-23 15:45:45.533 DEBUG 12032 --- [http-nio-8081-exec-1] m.o.mapper.OrderMapper.findById          : ==>  Preparing: select * from tb_order where id = ?
2022-07-23 15:45:45.533 DEBUG 12032 --- [http-nio-8081-exec-1] m.o.mapper.OrderMapper.findById          : ==> Parameters: 101(Long)
2022-07-23 15:45:45.534 DEBUG 12032 --- [http-nio-8081-exec-1] m.o.mapper.OrderMapper.findById          : <==      Total: 1
2022-07-23 15:45:45.534 DEBUG 12032 --- [http-nio-8081-exec-1] mao.feign.feign.UserClient               : [UserClient#queryById] ---> GET http://userservice/user/1 HTTP/1.1
2022-07-23 15:45:45.538 DEBUG 12032 --- [http-nio-8081-exec-1] mao.feign.feign.UserClient               : [UserClient#queryById] <--- HTTP/1.1 200  (3ms)
2022-07-23 15:45:45.737 DEBUG 12032 --- [http-nio-8081-exec-2] m.o.mapper.OrderMapper.findById          : ==>  Preparing: select * from tb_order where id = ?
2022-07-23 15:45:45.738 DEBUG 12032 --- [http-nio-8081-exec-2] m.o.mapper.OrderMapper.findById          : ==> Parameters: 101(Long)
2022-07-23 15:45:45.740 DEBUG 12032 --- [http-nio-8081-exec-2] m.o.mapper.OrderMapper.findById          : <==      Total: 1
2022-07-23 15:45:45.740 DEBUG 12032 --- [http-nio-8081-exec-2] mao.feign.feign.UserClient               : [UserClient#queryById] ---> GET http://userservice/user/1 HTTP/1.1
2022-07-23 15:45:45.744 DEBUG 12032 --- [http-nio-8081-exec-2] mao.feign.feign.UserClient               : [UserClient#queryById] <--- HTTP/1.1 200  (4ms)
2022-07-23 15:45:45.890 DEBUG 12032 --- [http-nio-8081-exec-3] m.o.mapper.OrderMapper.findById          : ==>  Preparing: select * from tb_order where id = ?
2022-07-23 15:45:45.890 DEBUG 12032 --- [http-nio-8081-exec-3] m.o.mapper.OrderMapper.findById          : ==> Parameters: 101(Long)
2022-07-23 15:45:45.892 DEBUG 12032 --- [http-nio-8081-exec-3] m.o.mapper.OrderMapper.findById          : <==      Total: 1
2022-07-23 15:45:45.892 DEBUG 12032 --- [http-nio-8081-exec-3] mao.feign.feign.UserClient               : [UserClient#queryById] ---> GET http://userservice/user/1 HTTP/1.1
2022-07-23 15:45:45.999 DEBUG 12032 --- [http-nio-8081-exec-3] mao.feign.feign.UserClient               : [UserClient#queryById] <--- HTTP/1.1 200  (107ms)
2022-07-23 15:45:46.070 DEBUG 12032 --- [http-nio-8081-exec-4] m.o.mapper.OrderMapper.findById          : ==>  Preparing: select * from tb_order where id = ?
2022-07-23 15:45:46.070 DEBUG 12032 --- [http-nio-8081-exec-4] m.o.mapper.OrderMapper.findById          : ==> Parameters: 101(Long)
2022-07-23 15:45:46.071 DEBUG 12032 --- [http-nio-8081-exec-4] m.o.mapper.OrderMapper.findById          : <==      Total: 1
2022-07-23 15:45:46.072 DEBUG 12032 --- [http-nio-8081-exec-4] mao.feign.feign.UserClient               : [UserClient#queryById] ---> GET http://userservice/user/1 HTTP/1.1
2022-07-23 15:45:46.077 DEBUG 12032 --- [http-nio-8081-exec-4] mao.feign.feign.UserClient               : [UserClient#queryById] <--- HTTP/1.1 200  (4ms)
2022-07-23 15:45:46.189 DEBUG 12032 --- [http-nio-8081-exec-5] m.o.mapper.OrderMapper.findById          : ==>  Preparing: select * from tb_order where id = ?
2022-07-23 15:45:46.190 DEBUG 12032 --- [http-nio-8081-exec-5] m.o.mapper.OrderMapper.findById          : ==> Parameters: 101(Long)
2022-07-23 15:45:46.191 DEBUG 12032 --- [http-nio-8081-exec-5] m.o.mapper.OrderMapper.findById          : <==      Total: 1
2022-07-23 15:45:46.191 DEBUG 12032 --- [http-nio-8081-exec-5] mao.feign.feign.UserClient               : [UserClient#queryById] ---> GET http://userservice/user/1 HTTP/1.1
2022-07-23 15:45:46.195 DEBUG 12032 --- [http-nio-8081-exec-5] mao.feign.feign.UserClient               : [UserClient#queryById] <--- HTTP/1.1 200  (3ms)
2022-07-23 15:45:46.352 DEBUG 12032 --- [http-nio-8081-exec-7] m.o.mapper.OrderMapper.findById          : ==>  Preparing: select * from tb_order where id = ?
2022-07-23 15:45:46.353 DEBUG 12032 --- [http-nio-8081-exec-7] m.o.mapper.OrderMapper.findById          : ==> Parameters: 101(Long)
2022-07-23 15:45:46.354 DEBUG 12032 --- [http-nio-8081-exec-7] m.o.mapper.OrderMapper.findById          : <==      Total: 1
2022-07-23 15:45:46.355 DEBUG 12032 --- [http-nio-8081-exec-7] mao.feign.feign.UserClient               : [UserClient#queryById] ---> GET http://userservice/user/1 HTTP/1.1
2022-07-23 15:45:46.472 DEBUG 12032 --- [http-nio-8081-exec-7] mao.feign.feign.UserClient               : [UserClient#queryById] <--- HTTP/1.1 200  (116ms)
2022-07-23 15:45:46.546 DEBUG 12032 --- [http-nio-8081-exec-8] m.o.mapper.OrderMapper.findById          : ==>  Preparing: select * from tb_order where id = ?
2022-07-23 15:45:46.546 DEBUG 12032 --- [http-nio-8081-exec-8] m.o.mapper.OrderMapper.findById          : ==> Parameters: 101(Long)
2022-07-23 15:45:46.548 DEBUG 12032 --- [http-nio-8081-exec-8] m.o.mapper.OrderMapper.findById          : <==      Total: 1
2022-07-23 15:45:46.548 DEBUG 12032 --- [http-nio-8081-exec-8] mao.feign.feign.UserClient               : [UserClient#queryById] ---> GET http://userservice/user/1 HTTP/1.1
2022-07-23 15:45:46.554 DEBUG 12032 --- [http-nio-8081-exec-8] mao.feign.feign.UserClient               : [UserClient#queryById] <--- HTTP/1.1 200  (4ms)
2022-07-23 15:45:46.692 DEBUG 12032 --- [http-nio-8081-exec-9] m.o.mapper.OrderMapper.findById          : ==>  Preparing: select * from tb_order where id = ?
2022-07-23 15:45:46.692 DEBUG 12032 --- [http-nio-8081-exec-9] m.o.mapper.OrderMapper.findById          : ==> Parameters: 101(Long)
2022-07-23 15:45:46.693 DEBUG 12032 --- [http-nio-8081-exec-9] m.o.mapper.OrderMapper.findById          : <==      Total: 1
2022-07-23 15:45:46.694 DEBUG 12032 --- [http-nio-8081-exec-9] mao.feign.feign.UserClient               : [UserClient#queryById] ---> GET http://userservice/user/1 HTTP/1.1
2022-07-23 15:45:46.698 DEBUG 12032 --- [http-nio-8081-exec-9] mao.feign.feign.UserClient               : [UserClient#queryById] <--- HTTP/1.1 200  (4ms)
2022-07-23 15:45:47.002 DEBUG 12032 --- [http-nio-8081-exec-1] m.o.mapper.OrderMapper.findById          : ==>  Preparing: select * from tb_order where id = ?
2022-07-23 15:45:47.002 DEBUG 12032 --- [http-nio-8081-exec-1] m.o.mapper.OrderMapper.findById          : ==> Parameters: 101(Long)
2022-07-23 15:45:47.004 DEBUG 12032 --- [http-nio-8081-exec-1] m.o.mapper.OrderMapper.findById          : <==      Total: 1
2022-07-23 15:45:47.004 DEBUG 12032 --- [http-nio-8081-exec-1] mao.feign.feign.UserClient               : [UserClient#queryById] ---> GET http://userservice/user/1 HTTP/1.1
2022-07-23 15:45:47.123 DEBUG 12032 --- [http-nio-8081-exec-1] mao.feign.feign.UserClient               : [UserClient#queryById] <--- HTTP/1.1 200  (118ms)
2022-07-23 15:45:47.216 DEBUG 12032 --- [http-nio-8081-exec-2] m.o.mapper.OrderMapper.findById          : ==>  Preparing: select * from tb_order where id = ?
2022-07-23 15:45:47.216 DEBUG 12032 --- [http-nio-8081-exec-2] m.o.mapper.OrderMapper.findById          : ==> Parameters: 101(Long)
2022-07-23 15:45:47.217 DEBUG 12032 --- [http-nio-8081-exec-2] m.o.mapper.OrderMapper.findById          : <==      Total: 1
2022-07-23 15:45:47.218 DEBUG 12032 --- [http-nio-8081-exec-2] mao.feign.feign.UserClient               : [UserClient#queryById] ---> GET http://userservice/user/1 HTTP/1.1
2022-07-23 15:45:47.223 DEBUG 12032 --- [http-nio-8081-exec-2] mao.feign.feign.UserClient               : [UserClient#queryById] <--- HTTP/1.1 200  (4ms)
2022-07-23 15:45:47.443 DEBUG 12032 --- [http-nio-8081-exec-6] m.o.mapper.OrderMapper.findById          : ==>  Preparing: select * from tb_order where id = ?
2022-07-23 15:45:47.444 DEBUG 12032 --- [http-nio-8081-exec-6] m.o.mapper.OrderMapper.findById          : ==> Parameters: 101(Long)
2022-07-23 15:45:47.445 DEBUG 12032 --- [http-nio-8081-exec-6] m.o.mapper.OrderMapper.findById          : <==      Total: 1
2022-07-23 15:45:47.445 DEBUG 12032 --- [http-nio-8081-exec-6] mao.feign.feign.UserClient               : [UserClient#queryById] ---> GET http://userservice/user/1 HTTP/1.1
2022-07-23 15:45:47.449 DEBUG 12032 --- [http-nio-8081-exec-6] mao.feign.feign.UserClient               : [UserClient#queryById] <--- HTTP/1.1 200  (3ms)
2022-07-23 15:45:47.703 DEBUG 12032 --- [http-nio-8081-exec-3] m.o.mapper.OrderMapper.findById          : ==>  Preparing: select * from tb_order where id = ?
2022-07-23 15:45:47.703 DEBUG 12032 --- [http-nio-8081-exec-3] m.o.mapper.OrderMapper.findById          : ==> Parameters: 101(Long)
2022-07-23 15:45:47.706 DEBUG 12032 --- [http-nio-8081-exec-3] m.o.mapper.OrderMapper.findById          : <==      Total: 1
2022-07-23 15:45:47.707 DEBUG 12032 --- [http-nio-8081-exec-3] mao.feign.feign.UserClient               : [UserClient#queryById] ---> GET http://userservice/user/1 HTTP/1.1
2022-07-23 15:45:47.712 DEBUG 12032 --- [http-nio-8081-exec-3] mao.feign.feign.UserClient               : [UserClient#queryById] <--- HTTP/1.1 200  (4ms)
2022-07-23 15:46:56.559  WARN 12032 --- [Thread-16] c.a.nacos.common.notify.NotifyCenter     : [NotifyCenter] Start destroying Publisher
2022-07-23 15:46:56.559  INFO 12032 --- [Thread-21] c.n.l.PollingServerListUpdater           : Shutting down the Executor Pool for PollingServerListUpdater
2022-07-23 15:46:56.559  WARN 12032 --- [Thread-5] c.a.n.common.http.HttpClientBeanHolder   : [HttpClientBeanHolder] Start destroying common HttpClient
2022-07-23 15:46:56.560  WARN 12032 --- [Thread-16] c.a.nacos.common.notify.NotifyCenter     : [NotifyCenter] Destruction of the end
2022-07-23 15:46:56.560  WARN 12032 --- [Thread-5] c.a.n.common.http.HttpClientBeanHolder   : [HttpClientBeanHolder] Destruction of the end
2022-07-23 15:46:56.592  INFO 12032 --- [SpringContextShutdownHook] o.s.s.c.ThreadPoolTaskScheduler          : Shutting down ExecutorService 'Nacos-Watch-Task-Scheduler'
2022-07-23 15:46:56.593  INFO 12032 --- [SpringContextShutdownHook] c.a.c.n.registry.NacosServiceRegistry    : De-registering from Nacos Server now...
2022-07-23 15:46:56.596  INFO 12032 --- [SpringContextShutdownHook] c.a.c.n.registry.NacosServiceRegistry    : De-registration finished.
2022-07-23 15:47:02.613  WARN 12032 --- [SpringContextShutdownHook] o.s.b.f.support.DisposableBeanAdapter    : Destroy method 'close' on bean with name 'nacosServiceRegistry' threw an exception: java.lang.NullPointerException: Cannot invoke "com.alibaba.nacos.api.naming.NamingService.shutDown()" because "this.namingService" is null
2022-07-23 15:47:02.613  INFO 12032 --- [SpringContextShutdownHook] o.s.s.concurrent.ThreadPoolTaskExecutor  : Shutting down ExecutorService 'applicationTaskExecutor'
2022-07-23 15:47:02.625  INFO 12032 --- [SpringContextShutdownHook] com.alibaba.druid.pool.DruidDataSource   : {dataSource-1} closing ...
2022-07-23 15:47:02.627  INFO 12032 --- [SpringContextShutdownHook] com.alibaba.druid.pool.DruidDataSource   : {dataSource-1} closed
2022-07-23 15:47:06.162  INFO 19316 --- [main] m.order_service.OrderServiceApplication  : No active profile set, falling back to default profiles: default
2022-07-23 15:47:06.685  INFO 19316 --- [main] o.s.cloud.context.scope.GenericScope     : BeanFactory id=af8cc406-f9df-36be-a250-b74dc2aea9eb
2022-07-23 15:47:06.833  INFO 19316 --- [main] trationDelegate$BeanPostProcessorChecker : Bean 'spring.cloud.sentinel-com.alibaba.cloud.sentinel.SentinelProperties' of type [com.alibaba.cloud.sentinel.SentinelProperties] is not eligible for getting processed by all BeanPostProcessors (for example: not eligible for auto-proxying)
2022-07-23 15:47:06.835  INFO 19316 --- [main] trationDelegate$BeanPostProcessorChecker : Bean 'com.alibaba.cloud.sentinel.custom.SentinelAutoConfiguration' of type [com.alibaba.cloud.sentinel.custom.SentinelAutoConfiguration] is not eligible for getting processed by all BeanPostProcessors (for example: not eligible for auto-proxying)
2022-07-23 15:47:07.025  INFO 19316 --- [main] o.s.b.w.embedded.tomcat.TomcatWebServer  : Tomcat initialized with port(s): 8081 (http)
2022-07-23 15:47:07.033  INFO 19316 --- [main] o.apache.catalina.core.StandardService   : Starting service [Tomcat]
2022-07-23 15:47:07.033  INFO 19316 --- [main] org.apache.catalina.core.StandardEngine  : Starting Servlet engine: [Apache Tomcat/9.0.43]
2022-07-23 15:47:07.148  INFO 19316 --- [main] o.a.c.c.C.[Tomcat].[localhost].[/]       : Initializing Spring embedded WebApplicationContext
2022-07-23 15:47:07.149  INFO 19316 --- [main] w.s.c.ServletWebServerApplicationContext : Root WebApplicationContext: initialization completed in 973 ms
2022-07-23 15:47:07.243  INFO 19316 --- [main] c.a.d.s.b.a.DruidDataSourceAutoConfigure : Init DruidDataSource
2022-07-23 15:47:07.332  INFO 19316 --- [main] com.alibaba.druid.pool.DruidDataSource   : {dataSource-1} inited
2022-07-23 15:47:07.833  WARN 19316 --- [main] c.n.c.sources.URLConfigurationSource     : No URLs will be polled as dynamic configuration sources.
2022-07-23 15:47:07.834  INFO 19316 --- [main] c.n.c.sources.URLConfigurationSource     : To enable URLs as dynamic configuration sources, define System property archaius.configurationSource.additionalUrls or make config.properties available on classpath.
2022-07-23 15:47:07.836  WARN 19316 --- [main] c.n.c.sources.URLConfigurationSource     : No URLs will be polled as dynamic configuration sources.
2022-07-23 15:47:07.837  INFO 19316 --- [main] c.n.c.sources.URLConfigurationSource     : To enable URLs as dynamic configuration sources, define System property archaius.configurationSource.additionalUrls or make config.properties available on classpath.
2022-07-23 15:47:07.940  INFO 19316 --- [main] o.s.s.concurrent.ThreadPoolTaskExecutor  : Initializing ExecutorService 'applicationTaskExecutor'
2022-07-23 15:47:07.973  INFO 19316 --- [main] c.a.c.s.SentinelWebAutoConfiguration     : [Sentinel Starter] register SentinelWebInterceptor with urlPatterns: [/**].
2022-07-23 15:47:08.038  INFO 19316 --- [main] o.s.s.c.ThreadPoolTaskScheduler          : Initializing ExecutorService 'Nacos-Watch-Task-Scheduler'
2022-07-23 15:47:08.484  INFO 19316 --- [main] o.s.b.w.embedded.tomcat.TomcatWebServer  : Tomcat started on port(s): 8081 (http) with context path ''
2022-07-23 15:47:08.491  INFO 19316 --- [main] c.a.c.n.registry.NacosServiceRegistry    : nacos registry, DEFAULT_GROUP orderservice 192.168.202.1:8081 register finished
2022-07-23 15:47:08.602  INFO 19316 --- [main] m.order_service.OrderServiceApplication  : Started OrderServiceApplication in 3.255 seconds (JVM running for 3.833)
2022-07-23 15:47:08.691  INFO 19316 --- [main] c.netflix.loadbalancer.BaseLoadBalancer  : Client: userservice instantiated a LoadBalancer: DynamicServerListLoadBalancer:{NFLoadBalancer:name=userservice,current list of Servers=[],Load balancer stats=Zone stats: {},Server stats: []}ServerList:null
2022-07-23 15:47:08.701  INFO 19316 --- [main] c.n.l.DynamicServerListLoadBalancer      : Using serverListUpdater PollingServerListUpdater
2022-07-23 15:47:08.730  INFO 19316 --- [main] c.n.l.DynamicServerListLoadBalancer      : DynamicServerListLoadBalancer for client userservice initialized: DynamicServerListLoadBalancer:{NFLoadBalancer:name=userservice,current list of Servers=[192.168.202.1:8082],Load balancer stats=Zone stats: {unknown=[Zone:unknown;	Instance count:1;	Active connections count: 0;	Circuit breaker tripped count: 0;	Active connections per server: 0.0;]
},Server stats: [[Server:192.168.202.1:8082;	Zone:UNKNOWN;	Total Requests:0;	Successive connection failure:0;	Total blackout seconds:0;	Last connection made:Thu Jan 01 08:00:00 CST 1970;	First connection made: Thu Jan 01 08:00:00 CST 1970;	Active Connections:0;	total failure count in last (1000) msecs:0;	average resp time:0.0;	90 percentile resp time:0.0;	95 percentile resp time:0.0;	min resp time:0.0;	max resp time:0.0;	stddev resp time:0.0]
]}ServerList:com.alibaba.cloud.nacos.ribbon.NacosServerList@26bce60d
2022-07-23 15:47:41.081  INFO 19316 --- [http-nio-8081-exec-9] o.a.c.c.C.[Tomcat].[localhost].[/]       : Initializing Spring DispatcherServlet 'dispatcherServlet'
2022-07-23 15:47:41.081  INFO 19316 --- [http-nio-8081-exec-9] o.s.web.servlet.DispatcherServlet        : Initializing Servlet 'dispatcherServlet'
2022-07-23 15:47:41.086  INFO 19316 --- [http-nio-8081-exec-9] o.s.web.servlet.DispatcherServlet        : Completed initialization in 5 ms
2022-07-23 15:47:41.343 DEBUG 19316 --- [http-nio-8081-exec-9] m.o.mapper.OrderMapper.findById          : ==>  Preparing: select * from tb_order where id = ?
2022-07-23 15:47:41.360 DEBUG 19316 --- [http-nio-8081-exec-9] m.o.mapper.OrderMapper.findById          : ==> Parameters: 101(Long)
2022-07-23 15:47:41.380 DEBUG 19316 --- [http-nio-8081-exec-9] m.o.mapper.OrderMapper.findById          : <==      Total: 1
2022-07-23 15:47:41.384 DEBUG 19316 --- [http-nio-8081-exec-9] mao.feign.feign.UserClient               : [UserClient#queryById] ---> GET http://userservice/user/1 HTTP/1.1
2022-07-23 15:47:41.464 DEBUG 19316 --- [http-nio-8081-exec-9] mao.feign.feign.UserClient               : [UserClient#queryById] <--- HTTP/1.1 200  (78ms)
2022-07-23 15:47:43.444 DEBUG 19316 --- [http-nio-8081-exec-2] m.o.mapper.OrderMapper.findById          : ==>  Preparing: select * from tb_order where id = ?
2022-07-23 15:47:43.444 DEBUG 19316 --- [http-nio-8081-exec-2] m.o.mapper.OrderMapper.findById          : ==> Parameters: 101(Long)
2022-07-23 15:47:43.446 DEBUG 19316 --- [http-nio-8081-exec-2] m.o.mapper.OrderMapper.findById          : <==      Total: 1
2022-07-23 15:47:43.446 DEBUG 19316 --- [http-nio-8081-exec-2] mao.feign.feign.UserClient               : [UserClient#queryById] ---> GET http://userservice/user/1 HTTP/1.1
2022-07-23 15:47:43.450 DEBUG 19316 --- [http-nio-8081-exec-2] mao.feign.feign.UserClient               : [UserClient#queryById] <--- HTTP/1.1 200  (3ms)
2022-07-23 15:47:46.344 DEBUG 19316 --- [http-nio-8081-exec-6] m.o.mapper.OrderMapper.findById          : ==>  Preparing: select * from tb_order where id = ?
2022-07-23 15:47:46.345 DEBUG 19316 --- [http-nio-8081-exec-6] m.o.mapper.OrderMapper.findById          : ==> Parameters: 101(Long)
2022-07-23 15:47:46.346 DEBUG 19316 --- [http-nio-8081-exec-6] m.o.mapper.OrderMapper.findById          : <==      Total: 1
2022-07-23 15:47:46.346 DEBUG 19316 --- [http-nio-8081-exec-6] mao.feign.feign.UserClient               : [UserClient#queryById] ---> GET http://userservice/user/1 HTTP/1.1
2022-07-23 15:47:46.351 DEBUG 19316 --- [http-nio-8081-exec-6] mao.feign.feign.UserClient               : [UserClient#queryById] <--- HTTP/1.1 200  (4ms)
2022-07-23 15:47:47.025 DEBUG 19316 --- [http-nio-8081-exec-1] m.o.mapper.OrderMapper.findById          : ==>  Preparing: select * from tb_order where id = ?
2022-07-23 15:47:47.025 DEBUG 19316 --- [http-nio-8081-exec-1] m.o.mapper.OrderMapper.findById          : ==> Parameters: 101(Long)
2022-07-23 15:47:47.027 DEBUG 19316 --- [http-nio-8081-exec-1] m.o.mapper.OrderMapper.findById          : <==      Total: 1
2022-07-23 15:47:47.027 DEBUG 19316 --- [http-nio-8081-exec-1] mao.feign.feign.UserClient               : [UserClient#queryById] ---> GET http://userservice/user/1 HTTP/1.1
2022-07-23 15:47:47.031 DEBUG 19316 --- [http-nio-8081-exec-1] mao.feign.feign.UserClient               : [UserClient#queryById] <--- HTTP/1.1 200  (3ms)
2022-07-23 15:48:57.444  WARN 19316 --- [http-nio-8081-exec-8] c.a.druid.pool.DruidAbstractDataSource   : discard long time none received connection. , jdbcUrl : jdbc:mysql://localhost:3306/cloud_order, version : 1.2.8, lastPacketReceivedIdleMillis : 70411
2022-07-23 15:48:57.465 DEBUG 19316 --- [http-nio-8081-exec-8] m.o.mapper.OrderMapper.findById          : ==>  Preparing: select * from tb_order where id = ?
2022-07-23 15:48:57.465 DEBUG 19316 --- [http-nio-8081-exec-8] m.o.mapper.OrderMapper.findById          : ==> Parameters: 101(Long)
2022-07-23 15:48:57.466 DEBUG 19316 --- [http-nio-8081-exec-8] m.o.mapper.OrderMapper.findById          : <==      Total: 1
2022-07-23 15:48:57.467 DEBUG 19316 --- [http-nio-8081-exec-8] mao.feign.feign.UserClient               : [UserClient#queryById] ---> GET http://userservice/user/1 HTTP/1.1
2022-07-23 15:48:57.490 DEBUG 19316 --- [http-nio-8081-exec-8] mao.feign.feign.UserClient               : [UserClient#queryById] <--- HTTP/1.1 200  (22ms)
2022-07-23 15:48:58.121 DEBUG 19316 --- [http-nio-8081-exec-1] m.o.mapper.OrderMapper.findById          : ==>  Preparing: select * from tb_order where id = ?
2022-07-23 15:48:58.122 DEBUG 19316 --- [http-nio-8081-exec-1] m.o.mapper.OrderMapper.findById          : ==> Parameters: 101(Long)
2022-07-23 15:48:58.123 DEBUG 19316 --- [http-nio-8081-exec-1] m.o.mapper.OrderMapper.findById          : <==      Total: 1
2022-07-23 15:48:58.123 DEBUG 19316 --- [http-nio-8081-exec-1] mao.feign.feign.UserClient               : [UserClient#queryById] ---> GET http://userservice/user/1 HTTP/1.1
2022-07-23 15:48:58.128 DEBUG 19316 --- [http-nio-8081-exec-1] mao.feign.feign.UserClient               : [UserClient#queryById] <--- HTTP/1.1 200  (3ms)
2022-07-23 15:48:59.079 DEBUG 19316 --- [http-nio-8081-exec-6] m.o.mapper.OrderMapper.findById          : ==>  Preparing: select * from tb_order where id = ?
2022-07-23 15:48:59.079 DEBUG 19316 --- [http-nio-8081-exec-6] m.o.mapper.OrderMapper.findById          : ==> Parameters: 101(Long)
2022-07-23 15:48:59.080 DEBUG 19316 --- [http-nio-8081-exec-6] m.o.mapper.OrderMapper.findById          : <==      Total: 1
2022-07-23 15:48:59.080 DEBUG 19316 --- [http-nio-8081-exec-6] mao.feign.feign.UserClient               : [UserClient#queryById] ---> GET http://userservice/user/1 HTTP/1.1
2022-07-23 15:48:59.084 DEBUG 19316 --- [http-nio-8081-exec-6] mao.feign.feign.UserClient               : [UserClient#queryById] <--- HTTP/1.1 200  (3ms)
2022-07-23 16:07:10.874  WARN 19316 --- [Thread-5] c.a.n.common.http.HttpClientBeanHolder   : [HttpClientBeanHolder] Start destroying common HttpClient
2022-07-23 16:07:10.875  WARN 19316 --- [Thread-16] c.a.nacos.common.notify.NotifyCenter     : [NotifyCenter] Start destroying Publisher
2022-07-23 16:07:10.875  INFO 19316 --- [Thread-21] c.n.l.PollingServerListUpdater           : Shutting down the Executor Pool for PollingServerListUpdater
2022-07-23 16:07:10.875  WARN 19316 --- [Thread-16] c.a.nacos.common.notify.NotifyCenter     : [NotifyCenter] Destruction of the end
2022-07-23 16:07:10.875  WARN 19316 --- [Thread-5] c.a.n.common.http.HttpClientBeanHolder   : [HttpClientBeanHolder] Destruction of the end
2022-07-23 16:07:10.906  INFO 19316 --- [SpringContextShutdownHook] o.s.s.c.ThreadPoolTaskScheduler          : Shutting down ExecutorService 'Nacos-Watch-Task-Scheduler'
2022-07-23 16:07:10.907  INFO 19316 --- [SpringContextShutdownHook] c.a.c.n.registry.NacosServiceRegistry    : De-registering from Nacos Server now...
2022-07-23 16:07:10.912 ERROR 19316 --- [SpringContextShutdownHook] c.a.c.n.registry.NacosServiceRegistry    : ERR_NACOS_DEREGISTER, de-register failed...NacosRegistration{nacosDiscoveryProperties=NacosDiscoveryProperties{serverAddr='localhost:8848', endpoint='', namespace='', watchDelay=30000, logName='', service='orderservice', weight=1.0, clusterName='HZ', group='DEFAULT_GROUP', namingLoadCacheAtStart='false', metadata={preserved.register.source=SPRING_CLOUD}, registerEnabled=true, ip='192.168.202.1', networkInterface='', port=8081, secure=false, accessKey='', secretKey='', heartBeatInterval=null, heartBeatTimeout=null, ipDeleteTimeout=null, failFast=true}},

com.alibaba.nacos.api.exception.NacosException: failed to req API:/nacos/v1/ns/instance after all servers([localhost:8848]) tried: java.net.ConnectException: Connection refused: no further information
	at com.alibaba.nacos.client.naming.net.NamingProxy.reqApi(NamingProxy.java:556) ~[nacos-client-1.4.2.jar:na]
	at com.alibaba.nacos.client.naming.net.NamingProxy.reqApi(NamingProxy.java:498) ~[nacos-client-1.4.2.jar:na]
	at com.alibaba.nacos.client.naming.net.NamingProxy.reqApi(NamingProxy.java:493) ~[nacos-client-1.4.2.jar:na]
	at com.alibaba.nacos.client.naming.net.NamingProxy.deregisterService(NamingProxy.java:271) ~[nacos-client-1.4.2.jar:na]
	at com.alibaba.nacos.client.naming.NacosNamingService.deregisterInstance(NacosNamingService.java:252) ~[nacos-client-1.4.2.jar:na]
	at com.alibaba.nacos.client.naming.NacosNamingService.deregisterInstance(NacosNamingService.java:238) ~[nacos-client-1.4.2.jar:na]
	at com.alibaba.cloud.nacos.registry.NacosServiceRegistry.deregister(NacosServiceRegistry.java:106) ~[spring-cloud-starter-alibaba-nacos-discovery-2.2.6.RELEASE.jar:2.2.6.RELEASE]
	at org.springframework.cloud.client.serviceregistry.AbstractAutoServiceRegistration.deregister(AbstractAutoServiceRegistration.java:256) ~[spring-cloud-commons-2.2.7.RELEASE.jar:2.2.7.RELEASE]
	at org.springframework.cloud.client.serviceregistry.AbstractAutoServiceRegistration.stop(AbstractAutoServiceRegistration.java:271) ~[spring-cloud-commons-2.2.7.RELEASE.jar:2.2.7.RELEASE]
	at org.springframework.cloud.client.serviceregistry.AbstractAutoServiceRegistration.destroy(AbstractAutoServiceRegistration.java:208) ~[spring-cloud-commons-2.2.7.RELEASE.jar:2.2.7.RELEASE]
	at java.base/jdk.internal.reflect.NativeMethodAccessorImpl.invoke0(Native Method) ~[na:na]
	at java.base/jdk.internal.reflect.NativeMethodAccessorImpl.invoke(NativeMethodAccessorImpl.java:78) ~[na:na]
	at java.base/jdk.internal.reflect.DelegatingMethodAccessorImpl.invoke(DelegatingMethodAccessorImpl.java:43) ~[na:na]
	at java.base/java.lang.reflect.Method.invoke(Method.java:567) ~[na:na]
	at org.springframework.beans.factory.annotation.InitDestroyAnnotationBeanPostProcessor$LifecycleElement.invoke(InitDestroyAnnotationBeanPostProcessor.java:389) ~[spring-beans-5.2.13.RELEASE.jar:5.2.13.RELEASE]
	at org.springframework.beans.factory.annotation.InitDestroyAnnotationBeanPostProcessor$LifecycleMetadata.invokeDestroyMethods(InitDestroyAnnotationBeanPostProcessor.java:347) ~[spring-beans-5.2.13.RELEASE.jar:5.2.13.RELEASE]
	at org.springframework.beans.factory.annotation.InitDestroyAnnotationBeanPostProcessor.postProcessBeforeDestruction(InitDestroyAnnotationBeanPostProcessor.java:177) ~[spring-beans-5.2.13.RELEASE.jar:5.2.13.RELEASE]
	at org.springframework.beans.factory.support.DisposableBeanAdapter.destroy(DisposableBeanAdapter.java:183) ~[spring-beans-5.2.13.RELEASE.jar:5.2.13.RELEASE]
	at org.springframework.beans.factory.support.DefaultSingletonBeanRegistry.destroyBean(DefaultSingletonBeanRegistry.java:587) ~[spring-beans-5.2.13.RELEASE.jar:5.2.13.RELEASE]
	at org.springframework.beans.factory.support.DefaultSingletonBeanRegistry.destroySingleton(DefaultSingletonBeanRegistry.java:559) ~[spring-beans-5.2.13.RELEASE.jar:5.2.13.RELEASE]
	at org.springframework.beans.factory.support.DefaultListableBeanFactory.destroySingleton(DefaultListableBeanFactory.java:1092) ~[spring-beans-5.2.13.RELEASE.jar:5.2.13.RELEASE]
	at org.springframework.beans.factory.support.DefaultSingletonBeanRegistry.destroySingletons(DefaultSingletonBeanRegistry.java:520) ~[spring-beans-5.2.13.RELEASE.jar:5.2.13.RELEASE]
	at org.springframework.beans.factory.support.DefaultListableBeanFactory.destroySingletons(DefaultListableBeanFactory.java:1085) ~[spring-beans-5.2.13.RELEASE.jar:5.2.13.RELEASE]
	at org.springframework.context.support.AbstractApplicationContext.destroyBeans(AbstractApplicationContext.java:1061) ~[spring-context-5.2.13.RELEASE.jar:5.2.13.RELEASE]
	at org.springframework.context.support.AbstractApplicationContext.doClose(AbstractApplicationContext.java:1030) ~[spring-context-5.2.13.RELEASE.jar:5.2.13.RELEASE]
	at org.springframework.boot.web.servlet.context.ServletWebServerApplicationContext.doClose(ServletWebServerApplicationContext.java:170) ~[spring-boot-2.3.9.RELEASE.jar:2.3.9.RELEASE]
	at org.springframework.context.support.AbstractApplicationContext$1.run(AbstractApplicationContext.java:949) ~[spring-context-5.2.13.RELEASE.jar:5.2.13.RELEASE]

2022-07-23 16:07:10.913  INFO 19316 --- [SpringContextShutdownHook] c.a.c.n.registry.NacosServiceRegistry    : De-registration finished.
2022-07-23 16:07:16.917  WARN 19316 --- [SpringContextShutdownHook] o.s.b.f.support.DisposableBeanAdapter    : Destroy method 'close' on bean with name 'nacosServiceRegistry' threw an exception: java.lang.NullPointerException: Cannot invoke "com.alibaba.nacos.api.naming.NamingService.shutDown()" because "this.namingService" is null
2022-07-23 16:07:16.917  INFO 19316 --- [SpringContextShutdownHook] o.s.s.concurrent.ThreadPoolTaskExecutor  : Shutting down ExecutorService 'applicationTaskExecutor'
2022-07-23 16:07:16.931  INFO 19316 --- [SpringContextShutdownHook] com.alibaba.druid.pool.DruidDataSource   : {dataSource-1} closing ...
2022-07-23 16:07:16.933  INFO 19316 --- [SpringContextShutdownHook] com.alibaba.druid.pool.DruidDataSource   : {dataSource-1} closed
