2022-07-22 13:19:58.579  WARN 3316 --- [main] c.a.c.n.c.NacosPropertySourceBuilder     : Ignore the empty nacos configuration and get it based on dataId[userservice] & group[DEFAULT_GROUP]
2022-07-22 13:19:58.613  INFO 3316 --- [main] b.c.PropertySourceBootstrapConfiguration : Located property source: [BootstrapPropertySource {name='bootstrapProperties-userservice-dev.yml,DEFAULT_GROUP'}, BootstrapPropertySource {name='bootstrapProperties-userservice.yml,DEFAULT_GROUP'}, BootstrapPropertySource {name='bootstrapProperties-userservice,DEFAULT_GROUP'}]
2022-07-22 13:19:58.657  INFO 3316 --- [main] mao.user_service.UserServiceApplication  : The following profiles are active: dev
2022-07-22 13:19:59.116  INFO 3316 --- [main] o.s.cloud.context.scope.GenericScope     : BeanFactory id=dd649085-a05d-328d-98bd-abc6b15d3551
2022-07-22 13:19:59.331  INFO 3316 --- [main] o.s.b.w.embedded.tomcat.TomcatWebServer  : Tomcat initialized with port(s): 8082 (http)
2022-07-22 13:19:59.341  INFO 3316 --- [main] o.apache.catalina.core.StandardService   : Starting service [Tomcat]
2022-07-22 13:19:59.341  INFO 3316 --- [main] org.apache.catalina.core.StandardEngine  : Starting Servlet engine: [Apache Tomcat/9.0.43]
2022-07-22 13:19:59.461  INFO 3316 --- [main] o.a.c.c.C.[Tomcat].[localhost].[/]       : Initializing Spring embedded WebApplicationContext
2022-07-22 13:19:59.461  INFO 3316 --- [main] w.s.c.ServletWebServerApplicationContext : Root WebApplicationContext: initialization completed in 794 ms
2022-07-22 13:19:59.554  INFO 3316 --- [main] c.a.d.s.b.a.DruidDataSourceAutoConfigure : Init DruidDataSource
2022-07-22 13:19:59.669  INFO 3316 --- [main] com.alibaba.druid.pool.DruidDataSource   : {dataSource-1} inited
2022-07-22 13:19:59.729  WARN 3316 --- [main] c.n.c.sources.URLConfigurationSource     : No URLs will be polled as dynamic configuration sources.
2022-07-22 13:19:59.729  INFO 3316 --- [main] c.n.c.sources.URLConfigurationSource     : To enable URLs as dynamic configuration sources, define System property archaius.configurationSource.additionalUrls or make config.properties available on classpath.
2022-07-22 13:19:59.733  WARN 3316 --- [main] c.n.c.sources.URLConfigurationSource     : No URLs will be polled as dynamic configuration sources.
2022-07-22 13:19:59.733  INFO 3316 --- [main] c.n.c.sources.URLConfigurationSource     : To enable URLs as dynamic configuration sources, define System property archaius.configurationSource.additionalUrls or make config.properties available on classpath.
2022-07-22 13:19:59.858  INFO 3316 --- [main] o.s.s.concurrent.ThreadPoolTaskExecutor  : Initializing ExecutorService 'applicationTaskExecutor'
2022-07-22 13:20:00.070  INFO 3316 --- [main] o.s.s.c.ThreadPoolTaskScheduler          : Initializing ExecutorService 'Nacos-Watch-Task-Scheduler'
2022-07-22 13:20:00.351  INFO 3316 --- [main] com.alibaba.nacos.client.naming          : initializer namespace from System Property :null
2022-07-22 13:20:00.351  INFO 3316 --- [main] com.alibaba.nacos.client.naming          : initializer namespace from System Environment :null
2022-07-22 13:20:00.352  INFO 3316 --- [main] com.alibaba.nacos.client.naming          : initializer namespace from System Property :null
2022-07-22 13:20:00.468  INFO 3316 --- [main] o.s.b.w.embedded.tomcat.TomcatWebServer  : Tomcat started on port(s): 8082 (http) with context path ''
2022-07-22 13:20:00.473  INFO 3316 --- [main] com.alibaba.nacos.client.naming          : [BEAT] adding beat: BeatInfo{port=8082, ip='192.168.202.1', weight=1.0, serviceName='DEFAULT_GROUP@@userservice', cluster='HZ', metadata={preserved.register.source=SPRING_CLOUD}, scheduled=false, period=5000, stopped=false} to beat map.
2022-07-22 13:20:00.474  INFO 3316 --- [main] com.alibaba.nacos.client.naming          : [REGISTER-SERVICE] public registering service DEFAULT_GROUP@@userservice with instance: Instance{instanceId='null', ip='192.168.202.1', port=8082, weight=1.0, healthy=true, enabled=true, ephemeral=true, clusterName='HZ', serviceName='null', metadata={preserved.register.source=SPRING_CLOUD}}
2022-07-22 13:20:00.484  INFO 3316 --- [main] c.a.c.n.registry.NacosServiceRegistry    : nacos registry, DEFAULT_GROUP userservice 192.168.202.1:8082 register finished
2022-07-22 13:20:00.604  INFO 3316 --- [main] mao.user_service.UserServiceApplication  : Started UserServiceApplication in 3.048 seconds (JVM running for 3.709)
2022-07-22 13:20:00.608  INFO 3316 --- [main] c.a.n.client.config.impl.ClientWorker    : [fixed-localhost_8848] [subscribe] userservice+DEFAULT_GROUP
2022-07-22 13:20:00.609  INFO 3316 --- [main] c.a.nacos.client.config.impl.CacheData   : [fixed-localhost_8848] [add-listener] ok, tenant=, dataId=userservice, group=DEFAULT_GROUP, cnt=1
2022-07-22 13:20:00.614  INFO 3316 --- [main] c.a.n.client.config.impl.ClientWorker    : [fixed-localhost_8848] [subscribe] userservice-dev.yml+DEFAULT_GROUP
2022-07-22 13:20:00.614  INFO 3316 --- [main] c.a.nacos.client.config.impl.CacheData   : [fixed-localhost_8848] [add-listener] ok, tenant=, dataId=userservice-dev.yml, group=DEFAULT_GROUP, cnt=1
2022-07-22 13:20:00.619  INFO 3316 --- [main] c.a.n.client.config.impl.ClientWorker    : [fixed-localhost_8848] [subscribe] userservice.yml+DEFAULT_GROUP
2022-07-22 13:20:00.620  INFO 3316 --- [main] c.a.nacos.client.config.impl.CacheData   : [fixed-localhost_8848] [add-listener] ok, tenant=, dataId=userservice.yml, group=DEFAULT_GROUP, cnt=1
2022-07-22 13:20:01.442  INFO 3316 --- [com.alibaba.nacos.client.naming.updater] com.alibaba.nacos.client.naming          : new ips(1) service: DEFAULT_GROUP@@userservice@@HZ -> [{"instanceId":"192.168.202.1#8082#HZ#DEFAULT_GROUP@@userservice","ip":"192.168.202.1","port":8082,"weight":1.0,"healthy":true,"enabled":true,"ephemeral":true,"clusterName":"HZ","serviceName":"DEFAULT_GROUP@@userservice","metadata":{"preserved.register.source":"SPRING_CLOUD"},"ipDeleteTimeout":30000,"instanceHeartBeatInterval":5000,"instanceHeartBeatTimeOut":15000}]
2022-07-22 13:20:01.450  INFO 3316 --- [com.alibaba.nacos.client.naming.updater] com.alibaba.nacos.client.naming          : current ips:(1) service: DEFAULT_GROUP@@userservice@@HZ -> [{"instanceId":"192.168.202.1#8082#HZ#DEFAULT_GROUP@@userservice","ip":"192.168.202.1","port":8082,"weight":1.0,"healthy":true,"enabled":true,"ephemeral":true,"clusterName":"HZ","serviceName":"DEFAULT_GROUP@@userservice","metadata":{"preserved.register.source":"SPRING_CLOUD"},"ipDeleteTimeout":30000,"instanceHeartBeatInterval":5000,"instanceHeartBeatTimeOut":15000}]
2022-07-22 13:20:01.494  INFO 3316 --- [com.alibaba.nacos.naming.push.receiver] com.alibaba.nacos.client.naming          : received push data: {"type":"dom","data":"{\"hosts\":[{\"ip\":\"192.168.202.1\",\"port\":8082,\"valid\":true,\"healthy\":true,\"marked\":false,\"instanceId\":\"192.168.202.1#8082#HZ#DEFAULT_GROUP@@userservice\",\"metadata\":{\"preserved.register.source\":\"SPRING_CLOUD\"},\"enabled\":true,\"weight\":1.0,\"clusterName\":\"HZ\",\"serviceName\":\"DEFAULT_GROUP@@userservice\",\"ephemeral\":true}],\"dom\":\"DEFAULT_GROUP@@userservice\",\"name\":\"DEFAULT_GROUP@@userservice\",\"cacheMillis\":10000,\"lastRefTime\":1658467201493,\"checksum\":\"893e42166ce00e13b64fddd90f4b07c5\",\"useSpecifiedURL\":false,\"clusters\":\"HZ\",\"env\":\"\",\"metadata\":{}}","lastRefTime":90329039113300} from /172.20.112.1
2022-07-22 13:20:53.207  INFO 3316 --- [http-nio-8082-exec-1] o.a.c.c.C.[Tomcat].[localhost].[/]       : Initializing Spring DispatcherServlet 'dispatcherServlet'
2022-07-22 13:20:53.208  INFO 3316 --- [http-nio-8082-exec-1] o.s.web.servlet.DispatcherServlet        : Initializing Servlet 'dispatcherServlet'
2022-07-22 13:20:53.212  INFO 3316 --- [http-nio-8082-exec-1] o.s.web.servlet.DispatcherServlet        : Completed initialization in 4 ms
2022-07-22 13:20:53.231  INFO 3316 --- [http-nio-8082-exec-1] m.u.controller.UserController            : 请求头key1：null
2022-07-22 13:27:38.601  INFO 3316 --- [http-nio-8082-exec-3] m.u.controller.UserController            : 请求头key1：null
2022-07-22 13:27:38.726  WARN 3316 --- [http-nio-8082-exec-3] c.a.druid.pool.DruidAbstractDataSource   : discard long time none received connection. , jdbcUrl : jdbc:mysql://localhost:3306/cloud_user, version : 1.2.8, lastPacketReceivedIdleMillis : 405140
2022-07-22 13:28:24.639  INFO 3316 --- [http-nio-8082-exec-4] m.u.controller.UserController            : 请求头key1：null
2022-07-22 13:28:25.005  INFO 3316 --- [http-nio-8082-exec-5] m.u.controller.UserController            : 请求头key1：null
2022-07-22 13:28:25.212  INFO 3316 --- [http-nio-8082-exec-6] m.u.controller.UserController            : 请求头key1：null
2022-07-22 13:28:25.406  INFO 3316 --- [http-nio-8082-exec-7] m.u.controller.UserController            : 请求头key1：null
2022-07-22 13:28:25.616  INFO 3316 --- [http-nio-8082-exec-8] m.u.controller.UserController            : 请求头key1：null
2022-07-22 13:28:25.744  INFO 3316 --- [http-nio-8082-exec-9] m.u.controller.UserController            : 请求头key1：null
2022-07-22 13:28:25.912  INFO 3316 --- [http-nio-8082-exec-10] m.u.controller.UserController            : 请求头key1：null
2022-07-22 13:28:26.111  INFO 3316 --- [http-nio-8082-exec-1] m.u.controller.UserController            : 请求头key1：null
2022-07-22 13:28:26.243  INFO 3316 --- [http-nio-8082-exec-2] m.u.controller.UserController            : 请求头key1：null
2022-07-22 13:28:26.404  INFO 3316 --- [http-nio-8082-exec-3] m.u.controller.UserController            : 请求头key1：null
2022-07-22 13:28:26.555  INFO 3316 --- [http-nio-8082-exec-4] m.u.controller.UserController            : 请求头key1：null
2022-07-22 13:28:26.735  INFO 3316 --- [http-nio-8082-exec-5] m.u.controller.UserController            : 请求头key1：null
